<?xml version="1.0" encoding="UTF-8"?>
<!-- Generated by org.testng.reporters.JUnitXMLReporter -->
<testsuite hostname="LAPTOP-20464U94" ignored="0" name="Login Test" tests="1" failures="1" timestamp="06 Nov 2021 19:57:18 GMT" time="1.721" errors="0">
  <testcase name="verifyLogin" time="1.118" classname="testcases.TC001Login">
    <failure type="java.lang.AssertionError" message="expected [Zero -Account Summary] but found [Privacy error]">
      <![CDATA[java.lang.AssertionError: expected [Zero -Account Summary] but found [Privacy error]
	at testcases.TC001Login.verifyLogin(TC001Login.java:31)
... Removed 35 stack frames]]>
    </failure>
  </testcase> <!-- verifyLogin -->
</testsuite> <!-- Login Test -->
