<?xml version="1.0" encoding="UTF-8"?>
<testng-results skipped="0" failed="1" ignored="0" total="3" passed="2">
  <reporter-output>
  </reporter-output>
  <suite name="TDAutomationFramework2" duration-ms="9166" started-at="2021-06-05T14:28:26Z" finished-at="2021-06-05T14:28:35Z">
    <groups>
    </groups>
    <test name="Login Test" duration-ms="1828" started-at="2021-06-05T14:28:26Z" finished-at="2021-06-05T14:28:28Z">
      <class name="testcases.TC001Login">
        <test-method status="FAIL" signature="verifyLogin()[pri:0, instance:testcases.TC001Login@56a6d5a6]" name="verifyLogin" duration-ms="907" started-at="2021-06-05T10:28:26Z" finished-at="2021-06-05T10:28:27Z">
          <exception class="java.lang.AssertionError">
            <message>
              <![CDATA[expected [Zero -Account Summary] but found [Zero - Log in]]]>
            </message>
            <full-stacktrace>
              <![CDATA[java.lang.AssertionError: expected [Zero -Account Summary] but found [Zero - Log in]
	at org.testng.Assert.fail(Assert.java:93)
	at org.testng.Assert.failNotEquals(Assert.java:512)
	at org.testng.Assert.assertEqualsImpl(Assert.java:134)
	at org.testng.Assert.assertEquals(Assert.java:115)
	at org.testng.Assert.assertEquals(Assert.java:189)
	at org.testng.Assert.assertEquals(Assert.java:199)
	at testcases.TC001Login.verifyLogin(TC001Login.java:32)
	at sun.reflect.NativeMethodAccessorImpl.invoke0(Native Method)
	at sun.reflect.NativeMethodAccessorImpl.invoke(NativeMethodAccessorImpl.java:62)
	at sun.reflect.DelegatingMethodAccessorImpl.invoke(DelegatingMethodAccessorImpl.java:43)
	at java.lang.reflect.Method.invoke(Method.java:498)
	at org.testng.internal.MethodInvocationHelper.invokeMethod(MethodInvocationHelper.java:108)
	at org.testng.internal.Invoker.invokeMethod(Invoker.java:661)
	at org.testng.internal.Invoker.invokeTestMethod(Invoker.java:869)
	at org.testng.internal.Invoker.invokeTestMethods(Invoker.java:1193)
	at org.testng.internal.TestMethodWorker.invokeTestMethods(TestMethodWorker.java:126)
	at org.testng.internal.TestMethodWorker.run(TestMethodWorker.java:109)
	at org.testng.TestRunner.privateRun(TestRunner.java:744)
	at org.testng.TestRunner.run(TestRunner.java:602)
	at org.testng.SuiteRunner.runTest(SuiteRunner.java:380)
	at org.testng.SuiteRunner.runSequentially(SuiteRunner.java:375)
	at org.testng.SuiteRunner.privateRun(SuiteRunner.java:340)
	at org.testng.SuiteRunner.run(SuiteRunner.java:289)
	at org.testng.SuiteRunnerWorker.runSuite(SuiteRunnerWorker.java:52)
	at org.testng.SuiteRunnerWorker.run(SuiteRunnerWorker.java:86)
	at org.testng.TestNG.runSuitesSequentially(TestNG.java:1301)
	at org.testng.TestNG.runSuitesLocally(TestNG.java:1226)
	at org.testng.TestNG.runSuites(TestNG.java:1144)
	at org.testng.TestNG.run(TestNG.java:1115)
	at org.testng.remote.AbstractRemoteTestNG.run(AbstractRemoteTestNG.java:115)
	at org.testng.remote.RemoteTestNG.initAndRun(RemoteTestNG.java:251)
	at org.testng.remote.RemoteTestNG.main(RemoteTestNG.java:77)
]]>
            </full-stacktrace>
          </exception> <!-- java.lang.AssertionError -->
          <reporter-output>
          </reporter-output>
        </test-method> <!-- verifyLogin -->
      </class> <!-- testcases.TC001Login -->
    </test> <!-- Login Test -->
    <test name="Add New Payee Test" duration-ms="5928" started-at="2021-06-05T14:28:28Z" finished-at="2021-06-05T14:28:34Z">
      <class name="testcases.TC002AddNewPayee">
        <test-method status="PASS" signature="AddPayee()[pri:0, instance:testcases.TC002AddNewPayee@1677d1]" name="AddPayee" duration-ms="5879" started-at="2021-06-05T10:28:28Z" finished-at="2021-06-05T10:28:34Z">
          <reporter-output>
          </reporter-output>
        </test-method> <!-- AddPayee -->
      </class> <!-- testcases.TC002AddNewPayee -->
    </test> <!-- Add New Payee Test -->
    <test name="Sprint Bill Pay Test" duration-ms="1372" started-at="2021-06-05T14:28:34Z" finished-at="2021-06-05T14:28:35Z">
      <class name="testcases.TC003PayBillSprint">
        <test-method status="PASS" signature="init()[pri:0, instance:testcases.TC003PayBillSprint@7f010382]" name="init" is-config="true" duration-ms="3316" started-at="2021-06-05T10:28:22Z" finished-at="2021-06-05T10:28:26Z">
          <reporter-output>
          </reporter-output>
        </test-method> <!-- init -->
        <test-method status="PASS" signature="payBillSprint()[pri:0, instance:testcases.TC003PayBillSprint@7f010382]" name="payBillSprint" duration-ms="1330" started-at="2021-06-05T10:28:34Z" finished-at="2021-06-05T10:28:35Z">
          <reporter-output>
          </reporter-output>
        </test-method> <!-- payBillSprint -->
        <test-method status="PASS" signature="tearDown()[pri:0, instance:testcases.TC003PayBillSprint@7f010382]" name="tearDown" is-config="true" duration-ms="967" started-at="2021-06-05T10:28:35Z" finished-at="2021-06-05T10:28:36Z">
          <reporter-output>
          </reporter-output>
        </test-method> <!-- tearDown -->
      </class> <!-- testcases.TC003PayBillSprint -->
    </test> <!-- Sprint Bill Pay Test -->
  </suite> <!-- TDAutomationFramework2 -->
</testng-results>
